This file contains any messages produced by compilers while
running configure, to aid debugging if configure makes a mistake.

It was created by libasprintf configure 1.0, which was
generated by GNU Autoconf 2.69.  Invocation command line was

  $ ./configure --disable-option-checking --prefix=/usr/local --cache-file=/dev/null --srcdir=.

## --------- ##
## Platform. ##
## --------- ##

hostname = MacBook-Air-Nuraj.local
uname -m = arm64
uname -r = 23.6.0
uname -s = Darwin
uname -v = Darwin Kernel Version 23.6.0: Mon Jul 29 21:14:21 PDT 2024; root:xnu-10063.141.2~1/RELEASE_ARM64_T8103

/usr/bin/uname -p = arm
/bin/uname -X     = unknown

/bin/arch              = unknown
/usr/bin/arch -k       = unknown
/usr/convex/getsysinfo = unknown
/usr/bin/hostinfo      = Mach kernel version:
	 Darwin Kernel Version 23.6.0: Mon Jul 29 21:14:21 PDT 2024; root:xnu-10063.141.2~1/RELEASE_ARM64_T8103
Kernel configured for up to 8 processors.
8 processors are physically available.
8 processors are logically available.
Processor type: arm64e (ARM64E)
Processors active: 0 1 2 3 4 5 6 7
Primary memory available: 8.00 gigabytes
Default processor set: 457 tasks, 3385 threads, 8 processors
Load average: 3.86, Mach factor: 4.60
/bin/machine           = unknown
/usr/bin/oslevel       = unknown
/bin/universe          = unknown

PATH: /Users/nurairuslan/Desktop/projectt/venv/bin
PATH: /Users/nurairuslan/.vscode/extensions/ms-python.python-2025.6.1-darwin-arm64/python_files/deactivate/zsh
PATH: /Users/nurairuslan/Desktop/projectt/venv/bin
PATH: /Users/nurairuslan/apache-maven-3.9.9/bin
PATH: /Users/nurairuslan/.nvm/versions/node/v20.12.2/bin
PATH: /Library/PostgreSQL/17/bin
PATH: /Users/nurairuslan/.vscode/extensions/ms-python.python-2025.6.1-darwin-arm64/python_files/deactivate/zsh
PATH: /Users/nurairuslan/Desktop/projectt/venv/bin
PATH: /Users/nurairuslan/mongodb/bin
PATH: /Library/Frameworks/Python.framework/Versions/3.13/bin
PATH: /usr/local/bin
PATH: /System/Cryptexes/App/usr/bin
PATH: /usr/bin
PATH: /bin
PATH: /usr/sbin
PATH: /sbin
PATH: /var/run/com.apple.security.cryptexd/codex.system/bootstrap/usr/local/bin
PATH: /var/run/com.apple.security.cryptexd/codex.system/bootstrap/usr/bin
PATH: /var/run/com.apple.security.cryptexd/codex.system/bootstrap/usr/appleinternal/bin
PATH: /Library/Apple/usr/bin
PATH: /Users/nurairuslan/.vscode/extensions/ms-python.python-2025.6.1-darwin-arm64/python_files/deactivate/zsh
PATH: /Users/nurairuslan/Desktop/projectt/venv/bin
PATH: /Library/PostgreSQL/17/bin
PATH: /Library/Frameworks/Python.framework/Versions/3.13/bin


## ----------- ##
## Core tests. ##
## ----------- ##

configure:2716: checking for a BSD-compatible install
configure:2784: result: /usr/bin/install -c
configure:2795: checking whether build environment is sane
configure:2850: result: yes
configure:3001: checking for a thread-safe mkdir -p
configure:3040: result: ../../build-aux/install-sh -c -d
configure:3047: checking for gawk
configure:3077: result: no
configure:3047: checking for mawk
configure:3077: result: no
configure:3047: checking for nawk
configure:3077: result: no
configure:3047: checking for awk
configure:3063: found /usr/bin/awk
configure:3074: result: awk
configure:3085: checking whether make sets $(MAKE)
configure:3107: result: yes
configure:3136: checking whether make supports nested variables
configure:3153: result: yes
configure:3330: checking for gcc
configure:3346: found /usr/bin/gcc
configure:3357: result: gcc
configure:3680: checking for C compiler version
configure:3689: gcc --version >&5
Apple clang version 15.0.0 (clang-1500.3.9.4)
Target: arm64-apple-darwin23.6.0
Thread model: posix
InstalledDir: /Applications/Xcode.app/Contents/Developer/Toolchains/XcodeDefault.xctoolchain/usr/bin
configure:3700: $? = 0
configure:3689: gcc -v >&5
Apple clang version 15.0.0 (clang-1500.3.9.4)
Target: arm64-apple-darwin23.6.0
Thread model: posix
InstalledDir: /Applications/Xcode.app/Contents/Developer/Toolchains/XcodeDefault.xctoolchain/usr/bin
configure:3700: $? = 0
configure:3689: gcc -V >&5
clang: error: argument to '-V' is missing (expected 1 value)
clang: error: no input files
configure:3700: $? = 1
configure:3689: gcc -qversion >&5
clang: error: unknown argument '-qversion'; did you mean '--version'?
clang: error: no input files
configure:3700: $? = 1
configure:3689: gcc -version >&5
clang: error: unknown argument '-version'; did you mean '--version'?
clang: error: no input files
configure:3700: $? = 1
configure:3720: checking whether the C compiler works
configure:3742: gcc    conftest.c  >&5
configure:3746: $? = 0
configure:3794: result: yes
configure:3797: checking for C compiler default output file name
configure:3799: result: a.out
configure:3805: checking for suffix of executables
configure:3812: gcc -o conftest    conftest.c  >&5
configure:3816: $? = 0
configure:3838: result: 
configure:3860: checking whether we are cross compiling
configure:3868: gcc -o conftest    conftest.c  >&5
configure:3872: $? = 0
configure:3879: ./conftest
configure:3883: $? = 0
configure:3898: result: no
configure:3903: checking for suffix of object files
configure:3925: gcc -c   conftest.c >&5
configure:3929: $? = 0
configure:3950: result: o
configure:3954: checking whether we are using the GNU C compiler
configure:3973: gcc -c   conftest.c >&5
configure:3973: $? = 0
configure:3982: result: yes
configure:3991: checking whether gcc accepts -g
configure:4011: gcc -c -g  conftest.c >&5
configure:4011: $? = 0
configure:4052: result: yes
configure:4069: checking for gcc option to enable C11 features
configure:4272: gcc  -c -g -O2  conftest.c >&5
configure:4272: $? = 0
configure:4286: result: none needed
configure:4588: checking whether the compiler is clang
configure:4609: gcc -c -g -O2  conftest.c >&5
conftest.c:13:12: error: unknown type name 'barfbarf'
           barfbarf
           ^
1 error generated.
configure:4609: $? = 1
configure: failed program was:
| /* confdefs.h */
| #define PACKAGE_NAME "libasprintf"
| #define PACKAGE_TARNAME "libasprintf"
| #define PACKAGE_VERSION "1.0"
| #define PACKAGE_STRING "libasprintf 1.0"
| #define PACKAGE_BUGREPORT ""
| #define PACKAGE_URL ""
| #define PACKAGE "libasprintf"
| #define VERSION "1.0"
| /* end confdefs.h.  */
| 
|            #ifdef __clang__
|            barfbarf
|            #endif
| 
| int
| main ()
| {
| 
|   ;
|   return 0;
| }
| 
configure:4617: result: yes
configure:4621: checking for compiler option needed when checking for declarations
configure:4640: gcc -c -g -O2  conftest.c >&5 -Werror=implicit-function-declaration
configure:4640: $? = 0
configure:4652: result: -Werror=implicit-function-declaration
configure:4664: checking whether make supports the include directive
configure:4679: make -f confmf.GNU && cat confinc.out
this is the am__doit target
configure:4682: $? = 0
configure:4701: result: yes (GNU style)
configure:4726: checking dependency style of gcc
configure:4837: result: gcc3
configure:4910: checking for g++
configure:4926: found /usr/bin/g++
configure:4937: result: g++
configure:4964: checking for C++ compiler version
configure:4973: g++ --version >&5
Apple clang version 15.0.0 (clang-1500.3.9.4)
Target: arm64-apple-darwin23.6.0
Thread model: posix
InstalledDir: /Applications/Xcode.app/Contents/Developer/Toolchains/XcodeDefault.xctoolchain/usr/bin
configure:4984: $? = 0
configure:4973: g++ -v >&5
Apple clang version 15.0.0 (clang-1500.3.9.4)
Target: arm64-apple-darwin23.6.0
Thread model: posix
InstalledDir: /Applications/Xcode.app/Contents/Developer/Toolchains/XcodeDefault.xctoolchain/usr/bin
configure:4984: $? = 0
configure:4973: g++ -V >&5
clang: error: argument to '-V' is missing (expected 1 value)
clang: error: no input files
configure:4984: $? = 1
configure:4973: g++ -qversion >&5
clang: error: unknown argument '-qversion'; did you mean '--version'?
clang: error: no input files
configure:4984: $? = 1
configure:4988: checking whether we are using the GNU C++ compiler
configure:5007: g++ -c   conftest.cpp >&5
configure:5007: $? = 0
configure:5016: result: yes
configure:5025: checking whether g++ accepts -g
configure:5045: g++ -c -g  conftest.cpp >&5
configure:5045: $? = 0
configure:5086: result: yes
configure:5103: checking for g++ option to enable C++11 features
configure:5339: g++  -c -g -O2  conftest.cpp >&5
conftest.cpp:25:16: error: no template named 'tuple' in namespace 'std'
  typedef std::tuple<std::string,int,double> tp;
          ~~~~~^
conftest.cpp:28:3: error: unknown type name 'constexpr'
  constexpr int get_val() { return 20; }
  ^
conftest.cpp:39:17: error: delegating constructors are permitted only in C++11
    delegate(): delegate(2354) {}
                ^~~~~~~~
conftest.cpp:49:26: warning: 'override' keyword is a C++11 extension [-Wc++11-extensions]
    virtual int getval() override final { return this->n * 2; }
                         ^
conftest.cpp:49:35: warning: 'final' keyword is a C++11 extension [-Wc++11-extensions]
    virtual int getval() override final { return this->n * 2; }
                                  ^
conftest.cpp:55:16: warning: defaulted function definitions are a C++11 extension [-Wc++11-extensions]
    nocopy() = default;
               ^
conftest.cpp:56:29: warning: deleted function definitions are a C++11 extension [-Wc++11-extensions]
    nocopy(const nocopy&) = delete;
                            ^
conftest.cpp:57:41: warning: deleted function definitions are a C++11 extension [-Wc++11-extensions]
    nocopy & operator=(const nocopy&) = delete;
                                        ^
conftest.cpp:106:8: warning: 'auto' type specifier is a C++11 extension [-Wc++11-extensions]
  for (auto i = d.begin(); i != d.end(); ++i) { total += *i; }
       ^
conftest.cpp:108:3: warning: 'auto' type specifier is a C++11 extension [-Wc++11-extensions]
  auto a1 = 6538;
  ^
conftest.cpp:109:3: warning: 'auto' type specifier is a C++11 extension [-Wc++11-extensions]
  auto a2 = 48573953.4;
  ^
conftest.cpp:110:3: warning: 'auto' type specifier is a C++11 extension [-Wc++11-extensions]
  auto a3 = "String literal";
  ^
conftest.cpp:125:15: warning: range-based for loop is a C++11 extension [-Wc++11-extensions]
  for (int &x : array) { x += 23; }
              ^
conftest.cpp:126:45: error: expected expression
  std::for_each(array.begin(), array.end(), [](int v1){ std::cout << v1; });
                                            ^
conftest.cpp:137:17: error: excess elements in scalar initializer
  cxx11test::tp tuple("test", 54, 45.53434);
                ^           ~~~~~~~~~~~~~~
conftest.cpp:138:14: error: no matching function for call to 'get'
  double d = std::get<2>(tuple);
             ^~~~~~~~~~~
/Applications/Xcode.app/Contents/Developer/Platforms/MacOSX.platform/Developer/SDKs/MacOSX.sdk/usr/include/c++/v1/__utility/pair.h:810:1: note: candidate template ignored: could not match 'pair<_T1, _T2>' against 'cxx11test::tp' (aka 'int')
get(pair<_T1, _T2>& __p) _NOEXCEPT
^
/Applications/Xcode.app/Contents/Developer/Platforms/MacOSX.platform/Developer/SDKs/MacOSX.sdk/usr/include/c++/v1/__utility/pair.h:818:1: note: candidate template ignored: could not match 'pair<_T1, _T2>' against 'cxx11test::tp' (aka 'int')
get(const pair<_T1, _T2>& __p) _NOEXCEPT
^
/Applications/Xcode.app/Contents/Developer/Platforms/MacOSX.platform/Developer/SDKs/MacOSX.sdk/usr/include/c++/v1/__utility/pair.h:826:1: note: candidate template ignored: could not match 'pair<_T1, _T2>' against 'cxx11test::tp' (aka 'int')
get(pair<_T1, _T2>&& __p) _NOEXCEPT
^
/Applications/Xcode.app/Contents/Developer/Platforms/MacOSX.platform/Developer/SDKs/MacOSX.sdk/usr/include/c++/v1/__utility/pair.h:834:1: note: candidate template ignored: could not match 'pair<_T1, _T2>' against 'cxx11test::tp' (aka 'int')
get(const pair<_T1, _T2>&& __p) _NOEXCEPT
^
/Applications/Xcode.app/Contents/Developer/Platforms/MacOSX.platform/Developer/SDKs/MacOSX.sdk/usr/include/c++/v1/array:470:1: note: candidate template ignored: could not match 'array<_Tp, _Size>' against 'cxx11test::tp' (aka 'int')
get(array<_Tp, _Size>& __a) _NOEXCEPT
^
/Applications/Xcode.app/Contents/Developer/Platforms/MacOSX.platform/Developer/SDKs/MacOSX.sdk/usr/include/c++/v1/array:479:1: note: candidate template ignored: could not match 'array<_Tp, _Size>' against 'cxx11test::tp' (aka 'int')
get(const array<_Tp, _Size>& __a) _NOEXCEPT
^
/Applications/Xcode.app/Contents/Developer/Platforms/MacOSX.platform/Developer/SDKs/MacOSX.sdk/usr/include/c++/v1/array:488:1: note: candidate template ignored: could not match 'array<_Tp, _Size>' against 'cxx11test::tp' (aka 'int')
get(array<_Tp, _Size>&& __a) _NOEXCEPT
^
/Applications/Xcode.app/Contents/Developer/Platforms/MacOSX.platform/Developer/SDKs/MacOSX.sdk/usr/include/c++/v1/array:497:1: note: candidate template ignored: could not match 'array<_Tp, _Size>' against 'cxx11test::tp' (aka 'int')
get(const array<_Tp, _Size>&& __a) _NOEXCEPT
^
conftest.cpp:141:8: error: no member named 'tie' in namespace 'std'
  std::tie(s,i,d) = tuple;
  ~~~~~^
conftest.cpp:155:25: warning: empty parentheses interpreted as a function declaration [-Wvexing-parse]
  cxx11test::delegate d2();
                        ^~
conftest.cpp:155:25: note: remove parentheses to declare a variable
  cxx11test::delegate d2();
                        ^~
conftest.cpp:168:34: error: a space is required between consecutive right angle brackets (use '> >')
  std::vector<std::pair<int,char*>> v1;
                                 ^~
                                 > >
conftest.cpp:172:22: error: use of undeclared identifier 'u8'
  char const *utf8 = u8"UTF-8 string \u2500";
                     ^
conftest.cpp:172:24: error: expected ';' at end of declaration
  char const *utf8 = u8"UTF-8 string \u2500";
                       ^
                       ;
conftest.cpp:173:27: error: use of undeclared identifier 'u'
  char16_t const *utf16 = u"UTF-8 string \u2500";
                          ^
conftest.cpp:173:28: error: expected ';' at end of declaration
  char16_t const *utf16 = u"UTF-8 string \u2500";
                           ^
                           ;
conftest.cpp:174:27: error: use of undeclared identifier 'U'
  char32_t const *utf32 = U"UTF-32 string \u2500";
                          ^
conftest.cpp:174:28: error: expected ';' at end of declaration
  char32_t const *utf32 = U"UTF-32 string \u2500";
                           ^
                           ;
11 warnings and 14 errors generated.
configure:5339: $? = 1
configure: failed program was:
| /* confdefs.h */
| #define PACKAGE_NAME "libasprintf"
| #define PACKAGE_TARNAME "libasprintf"
| #define PACKAGE_VERSION "1.0"
| #define PACKAGE_STRING "libasprintf 1.0"
| #define PACKAGE_BUGREPORT ""
| #define PACKAGE_URL ""
| #define PACKAGE "libasprintf"
| #define VERSION "1.0"
| /* end confdefs.h.  */
| 
| #include <deque>
| #include <functional>
| #include <memory>
| #include <tuple>
| #include <array>
| #include <regex>
| #include <iostream>
| 
| namespace cxx11test
| {
|   typedef std::shared_ptr<std::string> sptr;
|   typedef std::weak_ptr<std::string> wptr;
| 
|   typedef std::tuple<std::string,int,double> tp;
|   typedef std::array<int, 20> int_array;
| 
|   constexpr int get_val() { return 20; }
| 
|   struct testinit
|   {
|     int i;
|     double d;
|   };
| 
|   class delegate  {
|   public:
|     delegate(int n) : n(n) {}
|     delegate(): delegate(2354) {}
| 
|     virtual int getval() { return this->n; };
|   protected:
|     int n;
|   };
| 
|   class overridden : public delegate {
|   public:
|     overridden(int n): delegate(n) {}
|     virtual int getval() override final { return this->n * 2; }
|   };
| 
|   class nocopy {
|   public:
|     nocopy(int i): i(i) {}
|     nocopy() = default;
|     nocopy(const nocopy&) = delete;
|     nocopy & operator=(const nocopy&) = delete;
|   private:
|     int i;
|   };
| }
| 
| 
| #include <algorithm>
| #include <cstdlib>
| #include <fstream>
| #include <iomanip>
| #include <iostream>
| #include <list>
| #include <map>
| #include <set>
| #include <sstream>
| #include <stdexcept>
| #include <string>
| #include <utility>
| #include <vector>
| 
| namespace test {
|   typedef std::vector<std::string> string_vec;
|   typedef std::pair<int,bool> map_value;
|   typedef std::map<std::string,map_value> map_type;
|   typedef std::set<int> set_type;
| 
|   template<typename T>
|   class printer {
|   public:
|     printer(std::ostringstream& os): os(os) {}
|     void operator() (T elem) { os << elem << std::endl; }
|   private:
|     std::ostringstream& os;
|   };
| }
| 
| int
| main ()
| {
| 
| {
|   // Test auto and decltype
|   std::deque<int> d;
|   d.push_front(43);
|   d.push_front(484);
|   d.push_front(3);
|   d.push_front(844);
|   int total = 0;
|   for (auto i = d.begin(); i != d.end(); ++i) { total += *i; }
| 
|   auto a1 = 6538;
|   auto a2 = 48573953.4;
|   auto a3 = "String literal";
| 
|   decltype(a2) a4 = 34895.034;
| }
| {
|   // Test constexpr
|   short sa[cxx11test::get_val()] = { 0 };
| }
| {
|   // Test initializer lists
|   cxx11test::testinit il = { 4323, 435234.23544 };
| }
| {
|   // Test range-based for and lambda
|   cxx11test::int_array array = {9, 7, 13, 15, 4, 18, 12, 10, 5, 3, 14, 19, 17, 8, 6, 20, 16, 2, 11, 1};
|   for (int &x : array) { x += 23; }
|   std::for_each(array.begin(), array.end(), [](int v1){ std::cout << v1; });
| }
| {
|   using cxx11test::sptr;
|   using cxx11test::wptr;
| 
|   sptr sp(new std::string("ASCII string"));
|   wptr wp(sp);
|   sptr sp2(wp);
| }
| {
|   cxx11test::tp tuple("test", 54, 45.53434);
|   double d = std::get<2>(tuple);
|   std::string s;
|   int i;
|   std::tie(s,i,d) = tuple;
| }
| {
|   static std::regex filename_regex("^_?([a-z0-9_.]+-)+[a-z0-9]+$");
|   std::string testmatch("Test if this string matches");
|   bool match = std::regex_search(testmatch, filename_regex);
| }
| {
|   cxx11test::int_array array = {9, 7, 13, 15, 4, 18, 12, 10, 5, 3, 14, 19, 17, 8, 6, 20, 16, 2, 11, 1};
|   cxx11test::int_array::size_type size = array.size();
| }
| {
|   // Test constructor delegation
|   cxx11test::delegate d1;
|   cxx11test::delegate d2();
|   cxx11test::delegate d3(45);
| }
| {
|   // Test override and final
|   cxx11test::overridden o1(55464);
| }
| {
|   // Test nullptr
|   char *c = nullptr;
| }
| {
|   // Test template brackets
|   std::vector<std::pair<int,char*>> v1;
| }
| {
|   // Unicode literals
|   char const *utf8 = u8"UTF-8 string \u2500";
|   char16_t const *utf16 = u"UTF-8 string \u2500";
|   char32_t const *utf32 = U"UTF-32 string \u2500";
| }
| 
| 
| 
| try {
|   // Basic string.
|   std::string teststr("ASCII text");
|   teststr += " string";
| 
|   // Simple vector.
|   test::string_vec testvec;
|   testvec.push_back(teststr);
|   testvec.push_back("foo");
|   testvec.push_back("bar");
|   if (testvec.size() != 3) {
|     throw std::runtime_error("vector size is not 1");
|   }
| 
|   // Dump vector into stringstream and obtain string.
|   std::ostringstream os;
|   for (test::string_vec::const_iterator i = testvec.begin();
|        i != testvec.end(); ++i) {
|     if (i + 1 != testvec.end()) {
|       os << teststr << '\n';
|     }
|   }
|   // Check algorithms work.
|   std::for_each(testvec.begin(), testvec.end(), test::printer<std::string>(os));
|   std::string os_out = os.str();
| 
|   // Test pair and map.
|   test::map_type testmap;
|   testmap.insert(std::make_pair(std::string("key"),
|                                 std::make_pair(53,false)));
| 
|   // Test set.
|   int values[] = {9, 7, 13, 15, 4, 18, 12, 10, 5, 3, 14, 19, 17, 8, 6, 20, 16, 2, 11, 1};
|   test::set_type testset(values, values + sizeof(values)/sizeof(values[0]));
|   std::list<int> testlist(testset.begin(), testset.end());
|   std::copy(testset.begin(), testset.end(), std::back_inserter(testlist));
| } catch (const std::exception& e) {
|   std::cerr << "Caught exception: " << e.what() << std::endl;
| 
|   // Test fstream
|   std::ofstream of("test.txt");
|   of << "Test ASCII text\n" << std::flush;
|   of << "N= " << std::hex << std::setw(8) << std::left << 534 << std::endl;
|   of.close();
| }
| std::exit(0);
| 
|   ;
|   return 0;
| }
configure:5339: g++ -std=gnu++11 -c -g -O2  conftest.cpp >&5
conftest.cpp:155:25: warning: empty parentheses interpreted as a function declaration [-Wvexing-parse]
  cxx11test::delegate d2();
                        ^~
conftest.cpp:155:25: note: remove parentheses to declare a variable
  cxx11test::delegate d2();
                        ^~
1 warning generated.
configure:5339: $? = 0
configure:5361: result: -std=gnu++11
configure:5526: checking dependency style of g++ -std=gnu++11
configure:5637: result: gcc3
configure:5658: checking build system type
configure:5672: result: aarch64-apple-darwin23.6.0
configure:5692: checking host system type
configure:5705: result: aarch64-apple-darwin23.6.0
configure:5735: checking how to run the C preprocessor
configure:5766: gcc -E  conftest.c
configure:5766: $? = 0
configure:5780: gcc -E  conftest.c
conftest.c:11:10: fatal error: 'ac_nonexistent.h' file not found
#include <ac_nonexistent.h>
         ^~~~~~~~~~~~~~~~~~
1 error generated.
configure:5780: $? = 1
configure: failed program was:
| /* confdefs.h */
| #define PACKAGE_NAME "libasprintf"
| #define PACKAGE_TARNAME "libasprintf"
| #define PACKAGE_VERSION "1.0"
| #define PACKAGE_STRING "libasprintf 1.0"
| #define PACKAGE_BUGREPORT ""
| #define PACKAGE_URL ""
| #define PACKAGE "libasprintf"
| #define VERSION "1.0"
| /* end confdefs.h.  */
| #include <ac_nonexistent.h>
configure:5805: result: gcc -E
configure:5825: gcc -E  conftest.c
configure:5825: $? = 0
configure:5839: gcc -E  conftest.c
conftest.c:11:10: fatal error: 'ac_nonexistent.h' file not found
#include <ac_nonexistent.h>
         ^~~~~~~~~~~~~~~~~~
1 error generated.
configure:5839: $? = 1
configure: failed program was:
| /* confdefs.h */
| #define PACKAGE_NAME "libasprintf"
| #define PACKAGE_TARNAME "libasprintf"
| #define PACKAGE_VERSION "1.0"
| #define PACKAGE_STRING "libasprintf 1.0"
| #define PACKAGE_BUGREPORT ""
| #define PACKAGE_URL ""
| #define PACKAGE "libasprintf"
| #define VERSION "1.0"
| /* end confdefs.h.  */
| #include <ac_nonexistent.h>
configure:5868: checking for grep that handles long lines and -e
configure:5926: result: /usr/bin/grep
configure:5931: checking for egrep
configure:5993: result: /usr/bin/grep -E
configure:6001: checking for Minix Amsterdam compiler
configure:6025: result: no
configure:6082: checking for ar
configure:6098: found /usr/bin/ar
configure:6109: result: ar
configure:6184: checking for ranlib
configure:6200: found /usr/bin/ranlib
configure:6211: result: ranlib
configure:6346: checking how to print strings
configure:6373: result: printf
configure:6394: checking for a sed that does not truncate output
configure:6458: result: /usr/bin/sed
configure:6476: checking for fgrep
configure:6538: result: /usr/bin/grep -F
configure:6573: checking for ld used by gcc
configure:6640: result: /Applications/Xcode.app/Contents/Developer/Toolchains/XcodeDefault.xctoolchain/usr/bin/ld
configure:6647: checking if the linker (/Applications/Xcode.app/Contents/Developer/Toolchains/XcodeDefault.xctoolchain/usr/bin/ld) is GNU ld
configure:6662: result: no
configure:6674: checking for BSD- or MS-compatible name lister (nm)
configure:6728: result: /usr/bin/nm -B
configure:6858: checking the name lister (/usr/bin/nm -B) interface
configure:6865: gcc -c -g -O2  conftest.c >&5
configure:6868: /usr/bin/nm -B "conftest.o"
configure:6871: output
000000000000027c S _some_variable
0000000000000000 t ltmp0
000000000000027c s ltmp1
configure:6878: result: BSD nm
configure:6881: checking whether ln -s works
configure:6885: result: yes
configure:6893: checking the maximum length of command line arguments
configure:7024: result: 786432
configure:7072: checking how to convert aarch64-apple-darwin23.6.0 file names to aarch64-apple-darwin23.6.0 format
configure:7112: result: func_convert_file_noop
configure:7119: checking how to convert aarch64-apple-darwin23.6.0 file names to toolchain format
configure:7139: result: func_convert_file_noop
configure:7146: checking for /Applications/Xcode.app/Contents/Developer/Toolchains/XcodeDefault.xctoolchain/usr/bin/ld option to reload object files
configure:7153: result: -r
configure:7227: checking for objdump
configure:7243: found /usr/bin/objdump
configure:7254: result: objdump
configure:7283: checking how to recognize dependent libraries
configure:7483: result: pass_all
configure:7568: checking for dlltool
configure:7598: result: no
configure:7625: checking how to associate runtime and link libraries
configure:7652: result: printf %s\n
configure:7776: checking for archiver @FILE support
configure:7793: gcc -c -g -O2  conftest.c >&5
configure:7793: $? = 0
configure:7796: ar cru libconftest.a @conftest.lst >&5
ar: @conftest.lst: No such file or directory
configure:7799: $? = 1
configure:7819: result: no
configure:7877: checking for strip
configure:7893: found /usr/bin/strip
configure:7904: result: strip
configure:7976: checking for ranlib
configure:8003: result: ranlib
configure:8105: checking command to parse /usr/bin/nm -B output from gcc object
configure:8258: gcc -c -g -O2  conftest.c >&5
configure:8261: $? = 0
configure:8265: /usr/bin/nm -B conftest.o \| sed -n -e 's/^.*[ ]\([ABCDGIRSTW][ABCDGIRSTW]*\)[ ][ ]*\([_A-Za-z][_A-Za-z0-9]*\)$/\1 \2 \2/p' | sed '/ __gnu_lto/d' \> conftest.nm
configure:8268: $? = 0
cannot find nm_test_var in conftest.nm
configure:8258: gcc -c -g -O2  conftest.c >&5
configure:8261: $? = 0
configure:8265: /usr/bin/nm -B conftest.o \| sed -n -e 's/^.*[ ]\([ABCDGIRSTW][ABCDGIRSTW]*\)[ ][ ]*_\([_A-Za-z][_A-Za-z0-9]*\)$/\1 _\2 \2/p' | sed '/ __gnu_lto/d' \> conftest.nm
configure:8268: $? = 0
configure:8334: gcc -o conftest -g -O2   conftest.c conftstm.o >&5
configure:8337: $? = 0
configure:8375: result: ok
configure:8422: checking for sysroot
configure:8452: result: no
configure:8459: checking for a working dd
configure:8497: result: /bin/dd
configure:8501: checking how to truncate binary pipes
configure:8516: result: /bin/dd bs=4096 count=1
configure:8845: checking for mt
configure:8875: result: no
configure:8895: checking if : is a manifest tool
configure:8901: : '-?'
configure:8909: result: no
configure:8965: checking for dsymutil
configure:8981: found /usr/bin/dsymutil
configure:8992: result: dsymutil
configure:9057: checking for nmedit
configure:9073: found /usr/bin/nmedit
configure:9084: result: nmedit
configure:9149: checking for lipo
configure:9165: found /usr/bin/lipo
configure:9176: result: lipo
configure:9241: checking for otool
configure:9257: found /usr/bin/otool
configure:9268: result: otool
configure:9333: checking for otool64
configure:9363: result: no
configure:9408: checking for -single_module linker flag
gcc -g -O2  -o libconftest.dylib -dynamiclib -Wl,-single_module conftest.c
ld: warning: -single_module is obsolete
configure:9441: result: no
configure:9444: checking for -exported_symbols_list linker flag
configure:9464: gcc -o conftest -g -O2   -Wl,-exported_symbols_list,conftest.sym conftest.c  >&5
configure:9464: $? = 0
configure:9474: result: yes
configure:9477: checking for -force_load linker flag
gcc -g -O2 -c -o conftest.o conftest.c
ar cru libconftest.a conftest.o
ranlib libconftest.a
gcc -g -O2  -o conftest conftest.c -Wl,-force_load,./libconftest.a
configure:9509: result: yes
configure:9581: checking for ANSI C header files
configure:9601: gcc -c -g -O2  conftest.c >&5
configure:9601: $? = 0
configure:9674: gcc -o conftest -g -O2   conftest.c  >&5
configure:9674: $? = 0
configure:9674: ./conftest
configure:9674: $? = 0
configure:9685: result: yes
configure:9698: checking for sys/types.h
configure:9698: gcc -c -g -O2  conftest.c >&5
configure:9698: $? = 0
configure:9698: result: yes
configure:9698: checking for sys/stat.h
configure:9698: gcc -c -g -O2  conftest.c >&5
configure:9698: $? = 0
configure:9698: result: yes
configure:9698: checking for stdlib.h
configure:9698: gcc -c -g -O2  conftest.c >&5
configure:9698: $? = 0
configure:9698: result: yes
configure:9698: checking for string.h
configure:9698: gcc -c -g -O2  conftest.c >&5
configure:9698: $? = 0
configure:9698: result: yes
configure:9698: checking for memory.h
configure:9698: gcc -c -g -O2  conftest.c >&5
configure:9698: $? = 0
configure:9698: result: yes
configure:9698: checking for strings.h
configure:9698: gcc -c -g -O2  conftest.c >&5
configure:9698: $? = 0
configure:9698: result: yes
configure:9698: checking for inttypes.h
configure:9698: gcc -c -g -O2  conftest.c >&5
configure:9698: $? = 0
configure:9698: result: yes
configure:9698: checking for stdint.h
configure:9698: gcc -c -g -O2  conftest.c >&5
configure:9698: $? = 0
configure:9698: result: yes
configure:9698: checking for unistd.h
configure:9698: gcc -c -g -O2  conftest.c >&5
configure:9698: $? = 0
configure:9698: result: yes
configure:9712: checking for dlfcn.h
configure:9712: gcc -c -g -O2  conftest.c >&5
configure:9712: $? = 0
configure:9712: result: yes
configure:10277: checking for objdir
configure:10292: result: .libs
configure:10556: checking if gcc supports -fno-rtti -fno-exceptions
configure:10574: gcc -c -g -O2  -fno-rtti -fno-exceptions conftest.c >&5
configure:10578: $? = 0
configure:10591: result: yes
configure:10949: checking for gcc option to produce PIC
configure:10956: result: -fno-common -DPIC
configure:10964: checking if gcc PIC flag -fno-common -DPIC works
configure:10982: gcc -c -g -O2  -fno-common -DPIC -DPIC conftest.c >&5
configure:10986: $? = 0
configure:10999: result: yes
configure:11028: checking if gcc static flag -static works
configure:11056: result: no
configure:11071: checking if gcc supports -c -o file.o
configure:11092: gcc -c -g -O2  -o out/conftest2.o conftest.c >&5
configure:11096: $? = 0
configure:11118: result: yes
configure:11126: checking if gcc supports -c -o file.o
configure:11173: result: yes
configure:11206: checking whether the gcc linker (/Applications/Xcode.app/Contents/Developer/Toolchains/XcodeDefault.xctoolchain/usr/bin/ld) supports shared libraries
configure:12465: result: yes
configure:12705: checking dynamic linker characteristics
configure:13523: result: darwin23.6.0 dyld
configure:13645: checking how to hardcode library paths into programs
configure:13670: result: immediate
configure:14218: checking whether stripping libraries is possible
configure:14232: result: yes
configure:14258: checking if libtool supports shared libraries
configure:14260: result: yes
configure:14263: checking whether to build shared libraries
configure:14288: result: yes
configure:14291: checking whether to build static libraries
configure:14295: result: yes
configure:14318: checking how to run the C++ preprocessor
configure:14345: g++ -std=gnu++11 -E  conftest.cpp
configure:14345: $? = 0
configure:14359: g++ -std=gnu++11 -E  conftest.cpp
conftest.cpp:23:10: fatal error: 'ac_nonexistent.h' file not found
#include <ac_nonexistent.h>
         ^~~~~~~~~~~~~~~~~~
1 error generated.
configure:14359: $? = 1
configure: failed program was:
| /* confdefs.h */
| #define PACKAGE_NAME "libasprintf"
| #define PACKAGE_TARNAME "libasprintf"
| #define PACKAGE_VERSION "1.0"
| #define PACKAGE_STRING "libasprintf 1.0"
| #define PACKAGE_BUGREPORT ""
| #define PACKAGE_URL ""
| #define PACKAGE "libasprintf"
| #define VERSION "1.0"
| #define STDC_HEADERS 1
| #define HAVE_SYS_TYPES_H 1
| #define HAVE_SYS_STAT_H 1
| #define HAVE_STDLIB_H 1
| #define HAVE_STRING_H 1
| #define HAVE_MEMORY_H 1
| #define HAVE_STRINGS_H 1
| #define HAVE_INTTYPES_H 1
| #define HAVE_STDINT_H 1
| #define HAVE_UNISTD_H 1
| #define HAVE_DLFCN_H 1
| #define LT_OBJDIR ".libs/"
| /* end confdefs.h.  */
| #include <ac_nonexistent.h>
configure:14384: result: g++ -std=gnu++11 -E
configure:14404: g++ -std=gnu++11 -E  conftest.cpp
configure:14404: $? = 0
configure:14418: g++ -std=gnu++11 -E  conftest.cpp
conftest.cpp:23:10: fatal error: 'ac_nonexistent.h' file not found
#include <ac_nonexistent.h>
         ^~~~~~~~~~~~~~~~~~
1 error generated.
configure:14418: $? = 1
configure: failed program was:
| /* confdefs.h */
| #define PACKAGE_NAME "libasprintf"
| #define PACKAGE_TARNAME "libasprintf"
| #define PACKAGE_VERSION "1.0"
| #define PACKAGE_STRING "libasprintf 1.0"
| #define PACKAGE_BUGREPORT ""
| #define PACKAGE_URL ""
| #define PACKAGE "libasprintf"
| #define VERSION "1.0"
| #define STDC_HEADERS 1
| #define HAVE_SYS_TYPES_H 1
| #define HAVE_SYS_STAT_H 1
| #define HAVE_STDLIB_H 1
| #define HAVE_STRING_H 1
| #define HAVE_MEMORY_H 1
| #define HAVE_STRINGS_H 1
| #define HAVE_INTTYPES_H 1
| #define HAVE_STDINT_H 1
| #define HAVE_UNISTD_H 1
| #define HAVE_DLFCN_H 1
| #define LT_OBJDIR ".libs/"
| /* end confdefs.h.  */
| #include <ac_nonexistent.h>
configure:14580: checking for ld used by g++ -std=gnu++11
configure:14647: result: /Applications/Xcode.app/Contents/Developer/Toolchains/XcodeDefault.xctoolchain/usr/bin/ld
configure:14654: checking if the linker (/Applications/Xcode.app/Contents/Developer/Toolchains/XcodeDefault.xctoolchain/usr/bin/ld) is GNU ld
configure:14669: result: no
configure:14724: checking whether the g++ -std=gnu++11 linker (/Applications/Xcode.app/Contents/Developer/Toolchains/XcodeDefault.xctoolchain/usr/bin/ld) supports shared libraries
configure:15797: result: yes
configure:15833: g++ -std=gnu++11 -c -g -O2  conftest.cpp >&5
configure:15836: $? = 0
configure:16317: checking for g++ -std=gnu++11 option to produce PIC
configure:16324: result: -fno-common -DPIC
configure:16332: checking if g++ -std=gnu++11 PIC flag -fno-common -DPIC works
configure:16350: g++ -std=gnu++11 -c -g -O2  -fno-common -DPIC -DPIC conftest.cpp >&5
configure:16354: $? = 0
configure:16367: result: yes
configure:16390: checking if g++ -std=gnu++11 static flag -static works
configure:16418: result: no
configure:16430: checking if g++ -std=gnu++11 supports -c -o file.o
configure:16451: g++ -std=gnu++11 -c -g -O2  -o out/conftest2.o conftest.cpp >&5
configure:16455: $? = 0
configure:16477: result: yes
configure:16482: checking if g++ -std=gnu++11 supports -c -o file.o
configure:16529: result: yes
configure:16559: checking whether the g++ -std=gnu++11 linker (/Applications/Xcode.app/Contents/Developer/Toolchains/XcodeDefault.xctoolchain/usr/bin/ld) supports shared libraries
configure:16599: result: yes
configure:16740: checking dynamic linker characteristics
configure:17485: result: darwin23.6.0 dyld
configure:17550: checking how to hardcode library paths into programs
configure:17575: result: immediate
configure:17680: checking for windres
configure:17710: result: no
configure:17832: checking features.h usability
configure:17832: gcc -c -g -O2  conftest.c >&5
conftest.c:56:10: fatal error: 'features.h' file not found
#include <features.h>
         ^~~~~~~~~~~~
1 error generated.
configure:17832: $? = 1
configure: failed program was:
| /* confdefs.h */
| #define PACKAGE_NAME "libasprintf"
| #define PACKAGE_TARNAME "libasprintf"
| #define PACKAGE_VERSION "1.0"
| #define PACKAGE_STRING "libasprintf 1.0"
| #define PACKAGE_BUGREPORT ""
| #define PACKAGE_URL ""
| #define PACKAGE "libasprintf"
| #define VERSION "1.0"
| #define STDC_HEADERS 1
| #define HAVE_SYS_TYPES_H 1
| #define HAVE_SYS_STAT_H 1
| #define HAVE_STDLIB_H 1
| #define HAVE_STRING_H 1
| #define HAVE_MEMORY_H 1
| #define HAVE_STRINGS_H 1
| #define HAVE_INTTYPES_H 1
| #define HAVE_STDINT_H 1
| #define HAVE_UNISTD_H 1
| #define HAVE_DLFCN_H 1
| #define LT_OBJDIR ".libs/"
| /* end confdefs.h.  */
| #include <stdio.h>
| #ifdef HAVE_SYS_TYPES_H
| # include <sys/types.h>
| #endif
| #ifdef HAVE_SYS_STAT_H
| # include <sys/stat.h>
| #endif
| #ifdef STDC_HEADERS
| # include <stdlib.h>
| # include <stddef.h>
| #else
| # ifdef HAVE_STDLIB_H
| #  include <stdlib.h>
| # endif
| #endif
| #ifdef HAVE_STRING_H
| # if !defined STDC_HEADERS && defined HAVE_MEMORY_H
| #  include <memory.h>
| # endif
| # include <string.h>
| #endif
| #ifdef HAVE_STRINGS_H
| # include <strings.h>
| #endif
| #ifdef HAVE_INTTYPES_H
| # include <inttypes.h>
| #endif
| #ifdef HAVE_STDINT_H
| # include <stdint.h>
| #endif
| #ifdef HAVE_UNISTD_H
| # include <unistd.h>
| #endif
| #include <features.h>
configure:17832: result: no
configure:17832: checking features.h presence
configure:17832: gcc -E  conftest.c
conftest.c:23:10: fatal error: 'features.h' file not found
#include <features.h>
         ^~~~~~~~~~~~
1 error generated.
configure:17832: $? = 1
configure: failed program was:
| /* confdefs.h */
| #define PACKAGE_NAME "libasprintf"
| #define PACKAGE_TARNAME "libasprintf"
| #define PACKAGE_VERSION "1.0"
| #define PACKAGE_STRING "libasprintf 1.0"
| #define PACKAGE_BUGREPORT ""
| #define PACKAGE_URL ""
| #define PACKAGE "libasprintf"
| #define VERSION "1.0"
| #define STDC_HEADERS 1
| #define HAVE_SYS_TYPES_H 1
| #define HAVE_SYS_STAT_H 1
| #define HAVE_STDLIB_H 1
| #define HAVE_STRING_H 1
| #define HAVE_MEMORY_H 1
| #define HAVE_STRINGS_H 1
| #define HAVE_INTTYPES_H 1
| #define HAVE_STDINT_H 1
| #define HAVE_UNISTD_H 1
| #define HAVE_DLFCN_H 1
| #define LT_OBJDIR ".libs/"
| /* end confdefs.h.  */
| #include <features.h>
configure:17832: result: no
configure:17832: checking for features.h
configure:17832: result: no
configure:17843: checking for inline
configure:17859: gcc -c -g -O2  conftest.c >&5
configure:17859: $? = 0
configure:17867: result: inline
configure:17885: checking for size_t
configure:17885: gcc -c -g -O2  conftest.c >&5
configure:17885: $? = 0
configure:17885: gcc -c -g -O2  conftest.c >&5
conftest.c:59:21: error: expected expression
if (sizeof ((size_t)))
                    ^
1 error generated.
configure:17885: $? = 1
configure: failed program was:
| /* confdefs.h */
| #define PACKAGE_NAME "libasprintf"
| #define PACKAGE_TARNAME "libasprintf"
| #define PACKAGE_VERSION "1.0"
| #define PACKAGE_STRING "libasprintf 1.0"
| #define PACKAGE_BUGREPORT ""
| #define PACKAGE_URL ""
| #define PACKAGE "libasprintf"
| #define VERSION "1.0"
| #define STDC_HEADERS 1
| #define HAVE_SYS_TYPES_H 1
| #define HAVE_SYS_STAT_H 1
| #define HAVE_STDLIB_H 1
| #define HAVE_STRING_H 1
| #define HAVE_MEMORY_H 1
| #define HAVE_STRINGS_H 1
| #define HAVE_INTTYPES_H 1
| #define HAVE_STDINT_H 1
| #define HAVE_UNISTD_H 1
| #define HAVE_DLFCN_H 1
| #define LT_OBJDIR ".libs/"
| /* end confdefs.h.  */
| #include <stdio.h>
| #ifdef HAVE_SYS_TYPES_H
| # include <sys/types.h>
| #endif
| #ifdef HAVE_SYS_STAT_H
| # include <sys/stat.h>
| #endif
| #ifdef STDC_HEADERS
| # include <stdlib.h>
| # include <stddef.h>
| #else
| # ifdef HAVE_STDLIB_H
| #  include <stdlib.h>
| # endif
| #endif
| #ifdef HAVE_STRING_H
| # if !defined STDC_HEADERS && defined HAVE_MEMORY_H
| #  include <memory.h>
| # endif
| # include <string.h>
| #endif
| #ifdef HAVE_STRINGS_H
| # include <strings.h>
| #endif
| #ifdef HAVE_INTTYPES_H
| # include <inttypes.h>
| #endif
| #ifdef HAVE_STDINT_H
| # include <stdint.h>
| #endif
| #ifdef HAVE_UNISTD_H
| # include <unistd.h>
| #endif
| int
| main ()
| {
| if (sizeof ((size_t)))
| 	    return 0;
|   ;
|   return 0;
| }
configure:17885: result: yes
configure:17897: checking for unsigned long long int
configure:17936: gcc -o conftest -g -O2   conftest.c  >&5
configure:17936: $? = 0
configure:17945: result: yes
configure:17955: checking for long long int
configure:17993: gcc -o conftest -g -O2   conftest.c  >&5
configure:17993: $? = 0
configure:17993: ./conftest
configure:17993: $? = 0
configure:18005: result: yes
configure:18014: checking for wchar_t
configure:18031: gcc -c -g -O2  conftest.c >&5
configure:18031: $? = 0
configure:18038: result: yes
configure:18047: checking for wint_t
configure:18072: gcc -c -g -O2  conftest.c >&5
configure:18072: $? = 0
configure:18079: result: yes
configure:18086: checking whether wint_t is too small
configure:18114: gcc -c -g -O2  conftest.c >&5
configure:18114: $? = 0
configure:18121: result: no
configure:18133: checking for mbstate_t
configure:18150: gcc -c -g -O2  conftest.c >&5
configure:18150: $? = 0
configure:18157: result: yes
configure:18168: checking for ptrdiff_t
configure:18168: gcc -c -g -O2  conftest.c >&5
configure:18168: $? = 0
configure:18168: gcc -c -g -O2  conftest.c >&5
conftest.c:64:24: error: expected expression
if (sizeof ((ptrdiff_t)))
                       ^
1 error generated.
configure:18168: $? = 1
configure: failed program was:
| /* confdefs.h */
| #define PACKAGE_NAME "libasprintf"
| #define PACKAGE_TARNAME "libasprintf"
| #define PACKAGE_VERSION "1.0"
| #define PACKAGE_STRING "libasprintf 1.0"
| #define PACKAGE_BUGREPORT ""
| #define PACKAGE_URL ""
| #define PACKAGE "libasprintf"
| #define VERSION "1.0"
| #define STDC_HEADERS 1
| #define HAVE_SYS_TYPES_H 1
| #define HAVE_SYS_STAT_H 1
| #define HAVE_STDLIB_H 1
| #define HAVE_STRING_H 1
| #define HAVE_MEMORY_H 1
| #define HAVE_STRINGS_H 1
| #define HAVE_INTTYPES_H 1
| #define HAVE_STDINT_H 1
| #define HAVE_UNISTD_H 1
| #define HAVE_DLFCN_H 1
| #define LT_OBJDIR ".libs/"
| #define HAVE_UNSIGNED_LONG_LONG_INT 1
| #define HAVE_LONG_LONG_INT 1
| #define HAVE_WCHAR_T 1
| #define HAVE_WINT_T 1
| #define HAVE_MBSTATE_T 1
| /* end confdefs.h.  */
| #include <stdio.h>
| #ifdef HAVE_SYS_TYPES_H
| # include <sys/types.h>
| #endif
| #ifdef HAVE_SYS_STAT_H
| # include <sys/stat.h>
| #endif
| #ifdef STDC_HEADERS
| # include <stdlib.h>
| # include <stddef.h>
| #else
| # ifdef HAVE_STDLIB_H
| #  include <stdlib.h>
| # endif
| #endif
| #ifdef HAVE_STRING_H
| # if !defined STDC_HEADERS && defined HAVE_MEMORY_H
| #  include <memory.h>
| # endif
| # include <string.h>
| #endif
| #ifdef HAVE_STRINGS_H
| # include <strings.h>
| #endif
| #ifdef HAVE_INTTYPES_H
| # include <inttypes.h>
| #endif
| #ifdef HAVE_STDINT_H
| # include <stdint.h>
| #endif
| #ifdef HAVE_UNISTD_H
| # include <unistd.h>
| #endif
| int
| main ()
| {
| if (sizeof ((ptrdiff_t)))
| 	    return 0;
|   ;
|   return 0;
| }
configure:18168: result: yes
configure:18179: checking for inttypes.h
configure:18198: gcc -c -g -O2  conftest.c >&5
configure:18198: $? = 0
configure:18205: result: yes
configure:18216: checking for stdint.h
configure:18233: gcc -c -g -O2  conftest.c >&5
configure:18233: $? = 0
configure:18240: result: yes
configure:18268: checking for stdint.h
configure:18268: result: yes
configure:18278: checking for SIZE_MAX
configure:18349: result: yes
configure:18364: checking for stdint.h
configure:18364: result: yes
configure:18410: checking for working alloca.h
configure:18427: gcc -o conftest -g -O2   conftest.c  >&5
configure:18427: $? = 0
configure:18435: result: yes
configure:18443: checking for alloca
configure:18480: gcc -o conftest -g -O2   conftest.c  >&5
configure:18480: $? = 0
configure:18488: result: yes
configure:18559: checking whether the preprocessor supports include_next
configure:18597: gcc -c -g -O2  -Iconftestd1b -Iconftestd2 conftest.c >&5
configure:18597: $? = 0
configure:18618: result: yes
configure:18639: checking whether system header files limit the line length
configure:18662: result: no
configure:18673: checking for complete errno.h
configure:18746: result: yes
configure:19082: checking for alloca as a compiler built-in
configure:19106: result: yes
configure:19141: checking for stdint.h
configure:19141: result: yes
configure:19151: checking for SIZE_MAX
configure:19222: result: yes
configure:19237: checking for stdint.h
configure:19237: result: yes
configure:19285: checking for snprintf
configure:19285: gcc -o conftest -g -O2   conftest.c  >&5
conftest.c:61:6: warning: incompatible redeclaration of library function 'snprintf' [-Wincompatible-library-redeclaration]
char snprintf ();
     ^
conftest.c:61:6: note: 'snprintf' is a builtin with type 'int (char *, unsigned long, const char *, ...)'
1 warning generated.
configure:19285: $? = 0
configure:19285: result: yes
configure:19285: checking for vasprintf
configure:19285: gcc -o conftest -g -O2   conftest.c  >&5
conftest.c:73:19: warning: format string missing [-Wformat]
return vasprintf ();
       ~~~~~~~~~  ^
1 warning generated.
configure:19285: $? = 0
configure:19285: result: yes
configure:19285: checking for strnlen
configure:19285: gcc -o conftest -g -O2   conftest.c  >&5
configure:19285: $? = 0
configure:19285: result: yes
configure:19285: checking for wcslen
configure:19285: gcc -o conftest -g -O2   conftest.c  >&5
conftest.c:64:6: warning: incompatible redeclaration of library function 'wcslen' [-Wincompatible-library-redeclaration]
char wcslen ();
     ^
conftest.c:64:6: note: 'wcslen' is a builtin with type 'unsigned long (const int *)'
1 warning generated.
configure:19285: $? = 0
configure:19285: result: yes
configure:19285: checking for wcsnlen
configure:19285: gcc -o conftest -g -O2   conftest.c  >&5
configure:19285: $? = 0
configure:19285: result: yes
configure:19285: checking for mbrtowc
configure:19285: gcc -o conftest -g -O2   conftest.c  >&5
configure:19285: $? = 0
configure:19285: result: yes
configure:19285: checking for wcrtomb
configure:19285: gcc -o conftest -g -O2   conftest.c  >&5
configure:19285: $? = 0
configure:19285: result: yes
configure:19294: checking whether _snprintf is declared
configure:19294: gcc -c -g -O2  conftest.c >&5 -Werror=implicit-function-declaration
conftest.c:54:10: error: use of undeclared identifier '_snprintf'
  (void) _snprintf;
         ^
1 error generated.
configure:19294: $? = 1
configure: failed program was:
| /* confdefs.h */
| #define PACKAGE_NAME "libasprintf"
| #define PACKAGE_TARNAME "libasprintf"
| #define PACKAGE_VERSION "1.0"
| #define PACKAGE_STRING "libasprintf 1.0"
| #define PACKAGE_BUGREPORT ""
| #define PACKAGE_URL ""
| #define PACKAGE "libasprintf"
| #define VERSION "1.0"
| #define STDC_HEADERS 1
| #define HAVE_SYS_TYPES_H 1
| #define HAVE_SYS_STAT_H 1
| #define HAVE_STDLIB_H 1
| #define HAVE_STRING_H 1
| #define HAVE_MEMORY_H 1
| #define HAVE_STRINGS_H 1
| #define HAVE_INTTYPES_H 1
| #define HAVE_STDINT_H 1
| #define HAVE_UNISTD_H 1
| #define HAVE_DLFCN_H 1
| #define LT_OBJDIR ".libs/"
| #define HAVE_UNSIGNED_LONG_LONG_INT 1
| #define HAVE_LONG_LONG_INT 1
| #define HAVE_WCHAR_T 1
| #define HAVE_WINT_T 1
| #define HAVE_MBSTATE_T 1
| #define HAVE_INTTYPES_H_WITH_UINTMAX 1
| #define HAVE_STDINT_H_WITH_UINTMAX 1
| #define HAVE_INTMAX_T 1
| #define HAVE_STDINT_H 1
| #define HAVE_STDINT_H 1
| #define HAVE_ALLOCA_H 1
| #define HAVE_ALLOCA 1
| #define HAVE_ALLOCA 1
| #define HAVE_STDINT_H 1
| #define HAVE_STDINT_H 1
| #define HAVE_SNPRINTF 1
| #define HAVE_VASPRINTF 1
| #define HAVE_STRNLEN 1
| #define HAVE_WCSLEN 1
| #define HAVE_WCSNLEN 1
| #define HAVE_MBRTOWC 1
| #define HAVE_WCRTOMB 1
| /* end confdefs.h.  */
| #include <stdio.h>
| 
| int
| main ()
| {
| #ifndef _snprintf
| #ifdef __cplusplus
|   (void) _snprintf;
| #else
|   (void) _snprintf;
| #endif
| #endif
| 
|   ;
|   return 0;
| }
configure:19294: result: no
configure:19308: checking whether printf() supports POSIX/XSI format strings
configure:19349: gcc -o conftest -g -O2   conftest.c  >&5
configure:19349: $? = 0
configure:19349: ./conftest
configure:19349: $? = 0
configure:19360: result: yes
configure:19374: checking for dvips
configure:19405: result: /Users/nurairuslan/Desktop/projectt/myproject1/gettext-0.21/build-aux/missing dvips
configure:19415: checking for texi2pdf
configure:19446: result: /Users/nurairuslan/Desktop/projectt/myproject1/gettext-0.21/build-aux/missing texi2pdf
configure:19456: checking for perl
configure:19474: found /usr/bin/perl
configure:19487: result: /usr/bin/perl
configure:19608: checking that generated files are newer than configure
configure:19614: result: done
configure:19689: creating ./config.status

## ---------------------- ##
## Running config.status. ##
## ---------------------- ##

This file was extended by libasprintf config.status 1.0, which was
generated by GNU Autoconf 2.69.  Invocation command line was

  CONFIG_FILES    = 
  CONFIG_HEADERS  = 
  CONFIG_LINKS    = 
  CONFIG_COMMANDS = 
  $ ./config.status 

on MacBook-Air-Nuraj.local

config.status:1256: creating Makefile
config.status:1256: creating config.h
config.status:1485: executing depfiles commands
config.status:1485: executing libtool commands

## ---------------- ##
## Cache variables. ##
## ---------------- ##

ac_cv_build=aarch64-apple-darwin23.6.0
ac_cv_c_compiler_gnu=yes
ac_cv_c_inline=inline
ac_cv_cxx_compiler_gnu=yes
ac_cv_env_CCC_set=
ac_cv_env_CCC_value=
ac_cv_env_CC_set=
ac_cv_env_CC_value=
ac_cv_env_CFLAGS_set=
ac_cv_env_CFLAGS_value=
ac_cv_env_CPPFLAGS_set=
ac_cv_env_CPPFLAGS_value=
ac_cv_env_CPP_set=
ac_cv_env_CPP_value=
ac_cv_env_CXXCPP_set=
ac_cv_env_CXXCPP_value=
ac_cv_env_CXXFLAGS_set=
ac_cv_env_CXXFLAGS_value=
ac_cv_env_CXX_set=
ac_cv_env_CXX_value=
ac_cv_env_LDFLAGS_set=
ac_cv_env_LDFLAGS_value=
ac_cv_env_LIBS_set=
ac_cv_env_LIBS_value=
ac_cv_env_LT_SYS_LIBRARY_PATH_set=
ac_cv_env_LT_SYS_LIBRARY_PATH_value=
ac_cv_env_build_alias_set=
ac_cv_env_build_alias_value=
ac_cv_env_host_alias_set=
ac_cv_env_host_alias_value=
ac_cv_env_target_alias_set=
ac_cv_env_target_alias_value=
ac_cv_func_alloca_works=yes
ac_cv_func_mbrtowc=yes
ac_cv_func_snprintf=yes
ac_cv_func_strnlen=yes
ac_cv_func_vasprintf=yes
ac_cv_func_wcrtomb=yes
ac_cv_func_wcslen=yes
ac_cv_func_wcsnlen=yes
ac_cv_have_decl__snprintf=no
ac_cv_header_dlfcn_h=yes
ac_cv_header_features_h=no
ac_cv_header_inttypes_h=yes
ac_cv_header_memory_h=yes
ac_cv_header_stdc=yes
ac_cv_header_stdint_h=yes
ac_cv_header_stdlib_h=yes
ac_cv_header_string_h=yes
ac_cv_header_strings_h=yes
ac_cv_header_sys_stat_h=yes
ac_cv_header_sys_types_h=yes
ac_cv_header_unistd_h=yes
ac_cv_host=aarch64-apple-darwin23.6.0
ac_cv_objext=o
ac_cv_path_DVIPS='/Users/nurairuslan/Desktop/projectt/myproject1/gettext-0.21/build-aux/missing dvips'
ac_cv_path_EGREP='/usr/bin/grep -E'
ac_cv_path_FGREP='/usr/bin/grep -F'
ac_cv_path_GREP=/usr/bin/grep
ac_cv_path_PERL=/usr/bin/perl
ac_cv_path_SED=/usr/bin/sed
ac_cv_path_TEXI2PDF='/Users/nurairuslan/Desktop/projectt/myproject1/gettext-0.21/build-aux/missing texi2pdf'
ac_cv_path_install='/usr/bin/install -c'
ac_cv_path_lt_DD=/bin/dd
ac_cv_prog_AWK=awk
ac_cv_prog_CPP='gcc -E'
ac_cv_prog_CXXCPP='g++ -std=gnu++11 -E'
ac_cv_prog_ac_ct_AR=ar
ac_cv_prog_ac_ct_CC=gcc
ac_cv_prog_ac_ct_CXX=g++
ac_cv_prog_ac_ct_DSYMUTIL=dsymutil
ac_cv_prog_ac_ct_LIPO=lipo
ac_cv_prog_ac_ct_NMEDIT=nmedit
ac_cv_prog_ac_ct_OBJDUMP=objdump
ac_cv_prog_ac_ct_OTOOL=otool
ac_cv_prog_ac_ct_RANLIB=ranlib
ac_cv_prog_ac_ct_STRIP=strip
ac_cv_prog_cc_c11=
ac_cv_prog_cc_g=yes
ac_cv_prog_cc_stdc=
ac_cv_prog_cxx_cxx11=-std=gnu++11
ac_cv_prog_cxx_cxx98=-std=gnu++11
ac_cv_prog_cxx_g=yes
ac_cv_prog_cxx_stdcxx=-std=gnu++11
ac_cv_prog_make_make_set=yes
ac_cv_type_long_long_int=yes
ac_cv_type_mbstate_t=yes
ac_cv_type_ptrdiff_t=yes
ac_cv_type_size_t=yes
ac_cv_type_unsigned_long_long_int=yes
ac_cv_working_alloca_h=yes
am_cv_CC_dependencies_compiler_type=gcc3
am_cv_CXX_dependencies_compiler_type=gcc3
am_cv_make_support_nested_variables=yes
gl_cv_c_amsterdam_compiler=no
gl_cv_compiler_check_decl_option=-Werror=implicit-function-declaration
gl_cv_compiler_clang=yes
gl_cv_have_include_next=yes
gl_cv_header_errno_h_complete=yes
gl_cv_header_inttypes_h=yes
gl_cv_header_stdint_h=yes
gl_cv_pragma_columns=no
gl_cv_rpl_alloca=yes
gl_cv_size_max=yes
gl_cv_type_wint_t_too_small=no
gt_cv_c_wchar_t=yes
gt_cv_c_wint_t=yes
gt_cv_func_printf_posix=yes
lt_cv_apple_cc_single_mod=no
lt_cv_ar_at_file=no
lt_cv_deplibs_check_method=pass_all
lt_cv_file_magic_cmd='$MAGIC_CMD'
lt_cv_file_magic_test_file=
lt_cv_ld_exported_symbols_list=yes
lt_cv_ld_force_load=yes
lt_cv_ld_reload_flag=-r
lt_cv_nm_interface='BSD nm'
lt_cv_objdir=.libs
lt_cv_path_LD=/Applications/Xcode.app/Contents/Developer/Toolchains/XcodeDefault.xctoolchain/usr/bin/ld
lt_cv_path_LDCXX=/Applications/Xcode.app/Contents/Developer/Toolchains/XcodeDefault.xctoolchain/usr/bin/ld
lt_cv_path_NM='/usr/bin/nm -B'
lt_cv_path_mainfest_tool=no
lt_cv_prog_compiler_c_o=yes
lt_cv_prog_compiler_c_o_CXX=yes
lt_cv_prog_compiler_c_o_RC=yes
lt_cv_prog_compiler_pic='-fno-common -DPIC'
lt_cv_prog_compiler_pic_CXX='-fno-common -DPIC'
lt_cv_prog_compiler_pic_works=yes
lt_cv_prog_compiler_pic_works_CXX=yes
lt_cv_prog_compiler_rtti_exceptions=yes
lt_cv_prog_compiler_static_works=no
lt_cv_prog_compiler_static_works_CXX=no
lt_cv_prog_gnu_ld=no
lt_cv_prog_gnu_ldcxx=no
lt_cv_sharedlib_from_linklib_cmd='printf %s\n'
lt_cv_sys_global_symbol_pipe='sed -n -e '\''s/^.*[	 ]\([ABCDGIRSTW][ABCDGIRSTW]*\)[	 ][	 ]*_\([_A-Za-z][_A-Za-z0-9]*\)$/\1 _\2 \2/p'\'' | sed '\''/ __gnu_lto/d'\'''
lt_cv_sys_global_symbol_to_c_name_address='sed -n -e '\''s/^: \(.*\) .*$/  {"\1", (void *) 0},/p'\'' -e '\''s/^[ABCDGIRSTW][ABCDGIRSTW]* .* \(.*\)$/  {"\1", (void *) \&\1},/p'\'''
lt_cv_sys_global_symbol_to_c_name_address_lib_prefix='sed -n -e '\''s/^: \(.*\) .*$/  {"\1", (void *) 0},/p'\'' -e '\''s/^[ABCDGIRSTW][ABCDGIRSTW]* .* \(lib.*\)$/  {"\1", (void *) \&\1},/p'\'' -e '\''s/^[ABCDGIRSTW][ABCDGIRSTW]* .* \(.*\)$/  {"lib\1", (void *) \&\1},/p'\'''
lt_cv_sys_global_symbol_to_cdecl='sed -n -e '\''s/^T .* \(.*\)$/extern int \1();/p'\'' -e '\''s/^[ABCDGIRSTW][ABCDGIRSTW]* .* \(.*\)$/extern char \1;/p'\'''
lt_cv_sys_global_symbol_to_import=
lt_cv_sys_max_cmd_len=786432
lt_cv_to_host_file_cmd=func_convert_file_noop
lt_cv_to_tool_file_cmd=func_convert_file_noop
lt_cv_truncate_bin='/bin/dd bs=4096 count=1'

## ----------------- ##
## Output variables. ##
## ----------------- ##

ACLOCAL='${SHELL} /Users/nurairuslan/Desktop/projectt/myproject1/gettext-0.21/build-aux/missing aclocal-1.16'
ALLOCA=''
ALLOCA_H='alloca.h'
AMDEPBACKSLASH='\'
AMDEP_FALSE='#'
AMDEP_TRUE=''
AMTAR='$${TAR-tar}'
AM_BACKSLASH='\'
AM_DEFAULT_V='$(AM_DEFAULT_VERBOSITY)'
AM_DEFAULT_VERBOSITY='1'
AM_V='$(V)'
AR='ar'
ARFLAGS='cr'
AS='as'
AUTOCONF='${SHELL} /Users/nurairuslan/Desktop/projectt/myproject1/gettext-0.21/build-aux/missing autoconf'
AUTOHEADER='${SHELL} /Users/nurairuslan/Desktop/projectt/myproject1/gettext-0.21/build-aux/missing autoheader'
AUTOMAKE='${SHELL} /Users/nurairuslan/Desktop/projectt/myproject1/gettext-0.21/build-aux/missing automake-1.16'
AWK='awk'
CC='gcc'
CCDEPMODE='depmode=gcc3'
CFLAGS='-g -O2'
CPP='gcc -E'
CPPFLAGS=''
CXX='g++ -std=gnu++11'
CXXCPP='g++ -std=gnu++11 -E'
CXXDEPMODE='depmode=gcc3'
CXXFLAGS='-g -O2'
CYGPATH_W='echo'
DEFS='-DHAVE_CONFIG_H'
DEPDIR='.deps'
DLLTOOL='false'
DSYMUTIL='dsymutil'
DUMPBIN=''
DVIPS='/Users/nurairuslan/Desktop/projectt/myproject1/gettext-0.21/build-aux/missing dvips'
ECHO_C='\c'
ECHO_N=''
ECHO_T=''
EGREP='/usr/bin/grep -E'
EMULTIHOP_HIDDEN=''
EMULTIHOP_VALUE=''
ENOLINK_HIDDEN=''
ENOLINK_VALUE=''
EOVERFLOW_HIDDEN=''
EOVERFLOW_VALUE=''
ERRNO_H=''
EXEEXT=''
FGREP='/usr/bin/grep -F'
GL_COND_LIBTOOL_FALSE='#'
GL_COND_LIBTOOL_TRUE=''
GL_GENERATE_ALLOCA_H_FALSE='#'
GL_GENERATE_ALLOCA_H_TRUE=''
GL_GENERATE_ERRNO_H_FALSE=''
GL_GENERATE_ERRNO_H_TRUE='#'
GNULIB_OVERRIDES_WINT_T='0'
GREP='/usr/bin/grep'
HAVE_ALLOCA_H='1'
INCLUDE_NEXT='include_next'
INCLUDE_NEXT_AS_FIRST_DIRECTIVE='include_next'
INSTALL_DATA='${INSTALL} -m 644'
INSTALL_PROGRAM='${INSTALL}'
INSTALL_SCRIPT='${INSTALL}'
INSTALL_STRIP_PROGRAM='$(install_sh) -c -s'
LD='/Applications/Xcode.app/Contents/Developer/Toolchains/XcodeDefault.xctoolchain/usr/bin/ld'
LDFLAGS=''
LIBOBJS=''
LIBS=''
LIBTOOL='/bin/sh $(top_builddir)/libtool'
LIPO='lipo'
LN_S='ln -s'
LTALLOCA=''
LTLIBOBJS=''
LTNOUNDEF=''
LT_SYS_LIBRARY_PATH=''
MAKEINFO='${SHELL} /Users/nurairuslan/Desktop/projectt/myproject1/gettext-0.21/build-aux/missing makeinfo'
MANIFEST_TOOL=':'
MKDIR_P='../../build-aux/install-sh -c -d'
NEXT_AS_FIRST_DIRECTIVE_ERRNO_H=''
NEXT_ERRNO_H=''
NM='/usr/bin/nm -B'
NMEDIT='nmedit'
OBJDUMP='objdump'
OBJEXT='o'
OTOOL64=':'
OTOOL='otool'
PACKAGE='libasprintf'
PACKAGE_BUGREPORT=''
PACKAGE_NAME='libasprintf'
PACKAGE_STRING='libasprintf 1.0'
PACKAGE_TARNAME='libasprintf'
PACKAGE_URL=''
PACKAGE_VERSION='1.0'
PATH_SEPARATOR=':'
PERL='/usr/bin/perl'
PRAGMA_COLUMNS=''
PRAGMA_SYSTEM_HEADER='#pragma GCC system_header'
RANLIB='ranlib'
RC=''
SED='/usr/bin/sed'
SET_MAKE=''
SHELL='/bin/sh'
STRIP='strip'
TEXI2PDF='/Users/nurairuslan/Desktop/projectt/myproject1/gettext-0.21/build-aux/missing texi2pdf'
VERSION='1.0'
WOE32_FALSE=''
WOE32_TRUE='#'
ac_ct_AR='ar'
ac_ct_CC='gcc'
ac_ct_CXX='g++'
ac_ct_DUMPBIN=''
am__EXEEXT_FALSE=''
am__EXEEXT_TRUE='#'
am__fastdepCC_FALSE='#'
am__fastdepCC_TRUE=''
am__fastdepCXX_FALSE='#'
am__fastdepCXX_TRUE=''
am__include='include'
am__isrc=''
am__leading_dot='.'
am__nodep='_no'
am__quote=''
am__tar='$${TAR-tar} chof - "$$tardir"'
am__untar='$${TAR-tar} xf -'
bindir='${exec_prefix}/bin'
build='aarch64-apple-darwin23.6.0'
build_alias=''
build_cpu='aarch64'
build_os='darwin23.6.0'
build_vendor='apple'
datadir='${datarootdir}'
datarootdir='${prefix}/share'
docdir='${datarootdir}/doc/${PACKAGE_TARNAME}'
dvidir='${docdir}'
exec_prefix='${prefix}'
gl_LIBOBJS=''
gl_LTLIBOBJS=''
gltests_LIBOBJS=''
gltests_LTLIBOBJS=''
gltests_WITNESS='IN_LIBASPRINTF_GNULIB_TESTS'
host='aarch64-apple-darwin23.6.0'
host_alias=''
host_cpu='aarch64'
host_os='darwin23.6.0'
host_vendor='apple'
htmldir='${docdir}'
includedir='${prefix}/include'
infodir='${datarootdir}/info'
install_sh='${SHELL} /Users/nurairuslan/Desktop/projectt/myproject1/gettext-0.21/build-aux/install-sh'
libdir='${exec_prefix}/lib'
libexecdir='${exec_prefix}/libexec'
localedir='${datarootdir}/locale'
localstatedir='${prefix}/var'
mandir='${datarootdir}/man'
mkdir_p='$(MKDIR_P)'
oldincludedir='/usr/include'
pdfdir='${docdir}'
prefix='/usr/local'
program_transform_name='s,x,x,'
psdir='${docdir}'
sbindir='${exec_prefix}/sbin'
sharedstatedir='${prefix}/com'
sysconfdir='${prefix}/etc'
target_alias=''

## ----------- ##
## confdefs.h. ##
## ----------- ##

/* confdefs.h */
#define PACKAGE_NAME "libasprintf"
#define PACKAGE_TARNAME "libasprintf"
#define PACKAGE_VERSION "1.0"
#define PACKAGE_STRING "libasprintf 1.0"
#define PACKAGE_BUGREPORT ""
#define PACKAGE_URL ""
#define PACKAGE "libasprintf"
#define VERSION "1.0"
#define STDC_HEADERS 1
#define HAVE_SYS_TYPES_H 1
#define HAVE_SYS_STAT_H 1
#define HAVE_STDLIB_H 1
#define HAVE_STRING_H 1
#define HAVE_MEMORY_H 1
#define HAVE_STRINGS_H 1
#define HAVE_INTTYPES_H 1
#define HAVE_STDINT_H 1
#define HAVE_UNISTD_H 1
#define HAVE_DLFCN_H 1
#define LT_OBJDIR ".libs/"
#define HAVE_UNSIGNED_LONG_LONG_INT 1
#define HAVE_LONG_LONG_INT 1
#define HAVE_WCHAR_T 1
#define HAVE_WINT_T 1
#define HAVE_MBSTATE_T 1
#define HAVE_INTTYPES_H_WITH_UINTMAX 1
#define HAVE_STDINT_H_WITH_UINTMAX 1
#define HAVE_INTMAX_T 1
#define HAVE_STDINT_H 1
#define HAVE_STDINT_H 1
#define HAVE_ALLOCA_H 1
#define HAVE_ALLOCA 1
#define HAVE_ALLOCA 1
#define HAVE_STDINT_H 1
#define HAVE_STDINT_H 1
#define HAVE_SNPRINTF 1
#define HAVE_VASPRINTF 1
#define HAVE_STRNLEN 1
#define HAVE_WCSLEN 1
#define HAVE_WCSNLEN 1
#define HAVE_MBRTOWC 1
#define HAVE_WCRTOMB 1
#define HAVE_DECL__SNPRINTF 0
#define HAVE_POSIX_PRINTF 1

configure: exit 0
